[0.037s] Invoking command in '/home/turtlebot/robot_ws/build/turtlebot3_fake_node': CMAKE_PREFIX_PATH=/home/turtlebot/robot_ws/install/turtlebot3_msgs:/home/turtlebot/robot_ws/install/waypoint_navigation_interfaces:/home/turtlebot/robot_ws/install/turtlebot3_navigation2:/home/turtlebot/robot_ws/install/turtlebot3_gazebo:/home/turtlebot/robot_ws/install/turtlebot3_description:/home/turtlebot/robot_ws/install/turtlebot3_cartographer:/home/turtlebot/robot_ws/install/waypoint_navigation:/home/turtlebot/robot_ws/install/turtlebot3_teleop:/home/turtlebot/robot_ws/install/turtlebot3_example:/home/turtlebot/robot_ws/install/my_package:/home/turtlebot/robot_ws/install/my_navigation_pkg:/home/turtlebot/robot_ws/install/forward1:/opt/ros/foxy LD_LIBRARY_PATH=/home/turtlebot/robot_ws/install/turtlebot3_msgs/lib:/home/turtlebot/robot_ws/install/waypoint_navigation_interfaces/lib:/usr/lib/x86_64-linux-gnu/gazebo-11/plugins:/opt/ros/foxy/opt/yaml_cpp_vendor/lib:/opt/ros/foxy/opt/rviz_ogre_vendor/lib:/opt/ros/foxy/lib/x86_64-linux-gnu:/opt/ros/foxy/lib PYTHONPATH=/home/turtlebot/robot_ws/install/turtlebot3_msgs/lib/python3.8/site-packages:/home/turtlebot/robot_ws/install/waypoint_navigation_interfaces/lib/python3.8/site-packages:/home/turtlebot/robot_ws/install/waypoint_navigation/lib/python3.8/site-packages:/home/turtlebot/robot_ws/install/turtlebot3_teleop/lib/python3.8/site-packages:/home/turtlebot/robot_ws/install/turtlebot3_example/lib/python3.8/site-packages:/home/turtlebot/robot_ws/install/my_package/lib/python3.8/site-packages:/home/turtlebot/robot_ws/install/my_navigation_pkg/lib/python3.8/site-packages:/home/turtlebot/robot_ws/build/forward1:/home/turtlebot/robot_ws/install/forward1/lib/python3.8/site-packages:/opt/ros/foxy/lib/python3.8/site-packages /usr/bin/cmake --build /home/turtlebot/robot_ws/build/turtlebot3_fake_node -- -j2 -l2
[0.180s] [ 50%] [32mBuilding CXX object CMakeFiles/turtlebot3_fake_node.dir/src/turtlebot3_fake_node.cpp.o[0m
[3.147s] [01m[K/home/turtlebot/robot_ws/src/turtlebot3_simulations/turtlebot3_fake_node/src/turtlebot3_fake_node.cpp:[m[K In member function â€˜[01m[Kvoid Turtlebot3Fake::init_parameters()[m[Kâ€™:
[3.148s] [01m[K/home/turtlebot/robot_ws/src/turtlebot3_simulations/turtlebot3_fake_node/src/turtlebot3_fake_node.cpp:75:60:[m[K [01;31m[Kerror: [m[Kno matching function for call to â€˜[01m[KTurtlebot3Fake::declare_parameter<std::string>(const char [19])[m[Kâ€™
[3.148s]    75 |   this->declare_parameter<std::string>("joint_states_frame"[01;31m[K)[m[K;
[3.148s]       |                                                            [01;31m[K^[m[K
[3.148s] In file included from [01m[K/opt/ros/foxy/include/rclcpp/node.hpp:1224[m[K,
[3.148s]                  from [01m[K/opt/ros/foxy/include/rclcpp/executors/single_threaded_executor.hpp:28[m[K,
[3.148s]                  from [01m[K/opt/ros/foxy/include/rclcpp/executors.hpp:22[m[K,
[3.148s]                  from [01m[K/opt/ros/foxy/include/rclcpp/rclcpp.hpp:146[m[K,
[3.149s]                  from [01m[K/home/turtlebot/robot_ws/src/turtlebot3_simulations/turtlebot3_fake_node/include/turtlebot3_fake_node/turtlebot3_fake_node.hpp:21[m[K,
[3.149s]                  from [01m[K/home/turtlebot/robot_ws/src/turtlebot3_simulations/turtlebot3_fake_node/src/turtlebot3_fake_node.cpp:17[m[K:
[3.149s] [01m[K/opt/ros/foxy/include/rclcpp/node_impl.hpp:157:1:[m[K [01;36m[Knote: [m[Kcandidate: â€˜[01m[Kauto rclcpp::Node::declare_parameter(const string&, const ParameterT&, const ParameterDescriptor&, bool) [with ParameterT = std::__cxx11::basic_string<char>; std::string = std::__cxx11::basic_string<char>; rcl_interfaces::msg::ParameterDescriptor = rcl_interfaces::msg::ParameterDescriptor_<std::allocator<void> >][m[Kâ€™
[3.149s]   157 | [01;36m[KNode[m[K::declare_parameter(
[3.149s]       | [01;36m[K^~~~[m[K
[3.149s] [01m[K/opt/ros/foxy/include/rclcpp/node_impl.hpp:157:1:[m[K [01;36m[Knote: [m[K  candidate expects 4 arguments, 1 provided
[3.149s] [01m[K/home/turtlebot/robot_ws/src/turtlebot3_simulations/turtlebot3_fake_node/src/turtlebot3_fake_node.cpp:76:52:[m[K [01;31m[Kerror: [m[Kno matching function for call to â€˜[01m[KTurtlebot3Fake::declare_parameter<std::string>(const char [11])[m[Kâ€™
[3.149s]    76 |   this->declare_parameter<std::string>("odom_frame"[01;31m[K)[m[K;
[3.149s]       |                                                    [01;31m[K^[m[K
[3.149s] In file included from [01m[K/opt/ros/foxy/include/rclcpp/node.hpp:1224[m[K,
[3.150s]                  from [01m[K/opt/ros/foxy/include/rclcpp/executors/single_threaded_executor.hpp:28[m[K,
[3.150s]                  from [01m[K/opt/ros/foxy/include/rclcpp/executors.hpp:22[m[K,
[3.150s]                  from [01m[K/opt/ros/foxy/include/rclcpp/rclcpp.hpp:146[m[K,
[3.150s]                  from [01m[K/home/turtlebot/robot_ws/src/turtlebot3_simulations/turtlebot3_fake_node/include/turtlebot3_fake_node/turtlebot3_fake_node.hpp:21[m[K,
[3.150s]                  from [01m[K/home/turtlebot/robot_ws/src/turtlebot3_simulations/turtlebot3_fake_node/src/turtlebot3_fake_node.cpp:17[m[K:
[3.150s] [01m[K/opt/ros/foxy/include/rclcpp/node_impl.hpp:157:1:[m[K [01;36m[Knote: [m[Kcandidate: â€˜[01m[Kauto rclcpp::Node::declare_parameter(const string&, const ParameterT&, const ParameterDescriptor&, bool) [with ParameterT = std::__cxx11::basic_string<char>; std::string = std::__cxx11::basic_string<char>; rcl_interfaces::msg::ParameterDescriptor = rcl_interfaces::msg::ParameterDescriptor_<std::allocator<void> >][m[Kâ€™
[3.150s]   157 | [01;36m[KNode[m[K::declare_parameter(
[3.150s]       | [01;36m[K^~~~[m[K
[3.150s] [01m[K/opt/ros/foxy/include/rclcpp/node_impl.hpp:157:1:[m[K [01;36m[Knote: [m[K  candidate expects 4 arguments, 1 provided
[3.150s] [01m[K/home/turtlebot/robot_ws/src/turtlebot3_simulations/turtlebot3_fake_node/src/turtlebot3_fake_node.cpp:77:52:[m[K [01;31m[Kerror: [m[Kno matching function for call to â€˜[01m[KTurtlebot3Fake::declare_parameter<std::string>(const char [11])[m[Kâ€™
[3.150s]    77 |   this->declare_parameter<std::string>("base_frame"[01;31m[K)[m[K;
[3.150s]       |                                                    [01;31m[K^[m[K
[3.151s] In file included from [01m[K/opt/ros/foxy/include/rclcpp/node.hpp:1224[m[K,
[3.151s]                  from [01m[K/opt/ros/foxy/include/rclcpp/executors/single_threaded_executor.hpp:28[m[K,
[3.151s]                  from [01m[K/opt/ros/foxy/include/rclcpp/executors.hpp:22[m[K,
[3.151s]                  from [01m[K/opt/ros/foxy/include/rclcpp/rclcpp.hpp:146[m[K,
[3.151s]                  from [01m[K/home/turtlebot/robot_ws/src/turtlebot3_simulations/turtlebot3_fake_node/include/turtlebot3_fake_node/turtlebot3_fake_node.hpp:21[m[K,
[3.151s]                  from [01m[K/home/turtlebot/robot_ws/src/turtlebot3_simulations/turtlebot3_fake_node/src/turtlebot3_fake_node.cpp:17[m[K:
[3.151s] [01m[K/opt/ros/foxy/include/rclcpp/node_impl.hpp:157:1:[m[K [01;36m[Knote: [m[Kcandidate: â€˜[01m[Kauto rclcpp::Node::declare_parameter(const string&, const ParameterT&, const ParameterDescriptor&, bool) [with ParameterT = std::__cxx11::basic_string<char>; std::string = std::__cxx11::basic_string<char>; rcl_interfaces::msg::ParameterDescriptor = rcl_interfaces::msg::ParameterDescriptor_<std::allocator<void> >][m[Kâ€™
[3.151s]   157 | [01;36m[KNode[m[K::declare_parameter(
[3.151s]       | [01;36m[K^~~~[m[K
[3.151s] [01m[K/opt/ros/foxy/include/rclcpp/node_impl.hpp:157:1:[m[K [01;36m[Knote: [m[K  candidate expects 4 arguments, 1 provided
[3.151s] [01m[K/home/turtlebot/robot_ws/src/turtlebot3_simulations/turtlebot3_fake_node/src/turtlebot3_fake_node.cpp:78:54:[m[K [01;31m[Kerror: [m[Kno matching function for call to â€˜[01m[KTurtlebot3Fake::declare_parameter<double>(const char [18])[m[Kâ€™
[3.152s]    78 |   this->declare_parameter<double>("wheels.separation"[01;31m[K)[m[K;
[3.152s]       |                                                      [01;31m[K^[m[K
[3.152s] In file included from [01m[K/opt/ros/foxy/include/rclcpp/node.hpp:1224[m[K,
[3.152s]                  from [01m[K/opt/ros/foxy/include/rclcpp/executors/single_threaded_executor.hpp:28[m[K,
[3.152s]                  from [01m[K/opt/ros/foxy/include/rclcpp/executors.hpp:22[m[K,
[3.152s]                  from [01m[K/opt/ros/foxy/include/rclcpp/rclcpp.hpp:146[m[K,
[3.152s]                  from [01m[K/home/turtlebot/robot_ws/src/turtlebot3_simulations/turtlebot3_fake_node/include/turtlebot3_fake_node/turtlebot3_fake_node.hpp:21[m[K,
[3.152s]                  from [01m[K/home/turtlebot/robot_ws/src/turtlebot3_simulations/turtlebot3_fake_node/src/turtlebot3_fake_node.cpp:17[m[K:
[3.152s] [01m[K/opt/ros/foxy/include/rclcpp/node_impl.hpp:157:1:[m[K [01;36m[Knote: [m[Kcandidate: â€˜[01m[Kauto rclcpp::Node::declare_parameter(const string&, const ParameterT&, const ParameterDescriptor&, bool) [with ParameterT = double; std::string = std::__cxx11::basic_string<char>; rcl_interfaces::msg::ParameterDescriptor = rcl_interfaces::msg::ParameterDescriptor_<std::allocator<void> >][m[Kâ€™
[3.152s]   157 | [01;36m[KNode[m[K::declare_parameter(
[3.152s]       | [01;36m[K^~~~[m[K
[3.153s] [01m[K/opt/ros/foxy/include/rclcpp/node_impl.hpp:157:1:[m[K [01;36m[Knote: [m[K  candidate expects 4 arguments, 1 provided
[3.153s] [01m[K/home/turtlebot/robot_ws/src/turtlebot3_simulations/turtlebot3_fake_node/src/turtlebot3_fake_node.cpp:79:50:[m[K [01;31m[Kerror: [m[Kno matching function for call to â€˜[01m[KTurtlebot3Fake::declare_parameter<double>(const char [14])[m[Kâ€™
[3.153s]    79 |   this->declare_parameter<double>("wheels.radius"[01;31m[K)[m[K;
[3.153s]       |                                                  [01;31m[K^[m[K
[3.153s] In file included from [01m[K/opt/ros/foxy/include/rclcpp/node.hpp:1224[m[K,
[3.153s]                  from [01m[K/opt/ros/foxy/include/rclcpp/executors/single_threaded_executor.hpp:28[m[K,
[3.153s]                  from [01m[K/opt/ros/foxy/include/rclcpp/executors.hpp:22[m[K,
[3.153s]                  from [01m[K/opt/ros/foxy/include/rclcpp/rclcpp.hpp:146[m[K,
[3.153s]                  from [01m[K/home/turtlebot/robot_ws/src/turtlebot3_simulations/turtlebot3_fake_node/include/turtlebot3_fake_node/turtlebot3_fake_node.hpp:21[m[K,
[3.153s]                  from [01m[K/home/turtlebot/robot_ws/src/turtlebot3_simulations/turtlebot3_fake_node/src/turtlebot3_fake_node.cpp:17[m[K:
[3.153s] [01m[K/opt/ros/foxy/include/rclcpp/node_impl.hpp:157:1:[m[K [01;36m[Knote: [m[Kcandidate: â€˜[01m[Kauto rclcpp::Node::declare_parameter(const string&, const ParameterT&, const ParameterDescriptor&, bool) [with ParameterT = double; std::string = std::__cxx11::basic_string<char>; rcl_interfaces::msg::ParameterDescriptor = rcl_interfaces::msg::ParameterDescriptor_<std::allocator<void> >][m[Kâ€™
[3.154s]   157 | [01;36m[KNode[m[K::declare_parameter(
[3.154s]       | [01;36m[K^~~~[m[K
[3.154s] [01m[K/opt/ros/foxy/include/rclcpp/node_impl.hpp:157:1:[m[K [01;36m[Knote: [m[K  candidate expects 4 arguments, 1 provided
[5.931s] make[2]: *** [CMakeFiles/turtlebot3_fake_node.dir/build.make:63: CMakeFiles/turtlebot3_fake_node.dir/src/turtlebot3_fake_node.cpp.o] Error 1
[5.934s] make[1]: *** [CMakeFiles/Makefile2:78: CMakeFiles/turtlebot3_fake_node.dir/all] Error 2
[5.934s] make: *** [Makefile:141: all] Error 2
[5.947s] Invoked command in '/home/turtlebot/robot_ws/build/turtlebot3_fake_node' returned '2': CMAKE_PREFIX_PATH=/home/turtlebot/robot_ws/install/turtlebot3_msgs:/home/turtlebot/robot_ws/install/waypoint_navigation_interfaces:/home/turtlebot/robot_ws/install/turtlebot3_navigation2:/home/turtlebot/robot_ws/install/turtlebot3_gazebo:/home/turtlebot/robot_ws/install/turtlebot3_description:/home/turtlebot/robot_ws/install/turtlebot3_cartographer:/home/turtlebot/robot_ws/install/waypoint_navigation:/home/turtlebot/robot_ws/install/turtlebot3_teleop:/home/turtlebot/robot_ws/install/turtlebot3_example:/home/turtlebot/robot_ws/install/my_package:/home/turtlebot/robot_ws/install/my_navigation_pkg:/home/turtlebot/robot_ws/install/forward1:/opt/ros/foxy LD_LIBRARY_PATH=/home/turtlebot/robot_ws/install/turtlebot3_msgs/lib:/home/turtlebot/robot_ws/install/waypoint_navigation_interfaces/lib:/usr/lib/x86_64-linux-gnu/gazebo-11/plugins:/opt/ros/foxy/opt/yaml_cpp_vendor/lib:/opt/ros/foxy/opt/rviz_ogre_vendor/lib:/opt/ros/foxy/lib/x86_64-linux-gnu:/opt/ros/foxy/lib PYTHONPATH=/home/turtlebot/robot_ws/install/turtlebot3_msgs/lib/python3.8/site-packages:/home/turtlebot/robot_ws/install/waypoint_navigation_interfaces/lib/python3.8/site-packages:/home/turtlebot/robot_ws/install/waypoint_navigation/lib/python3.8/site-packages:/home/turtlebot/robot_ws/install/turtlebot3_teleop/lib/python3.8/site-packages:/home/turtlebot/robot_ws/install/turtlebot3_example/lib/python3.8/site-packages:/home/turtlebot/robot_ws/install/my_package/lib/python3.8/site-packages:/home/turtlebot/robot_ws/install/my_navigation_pkg/lib/python3.8/site-packages:/home/turtlebot/robot_ws/build/forward1:/home/turtlebot/robot_ws/install/forward1/lib/python3.8/site-packages:/opt/ros/foxy/lib/python3.8/site-packages /usr/bin/cmake --build /home/turtlebot/robot_ws/build/turtlebot3_fake_node -- -j2 -l2
